<?xml version="1.0" encoding="UTF-8" ?>
<testsuite failures="0" time="0.093" errors="1" skipped="0" tests="1" name="br.ufpb.threadControl.messengerConcurrent.test.FacadeTest">
  <properties>
    <property name="java.runtime.name" value="Java(TM) SE Runtime Environment"/>
    <property name="sun.boot.library.path" value="/home/diego/desenvolvimento/jdk1.6.0_25/jre/lib/i386"/>
    <property name="java.vm.version" value="20.0-b11"/>
    <property name="java.vm.vendor" value="Sun Microsystems Inc."/>
    <property name="java.vendor.url" value="http://java.sun.com/"/>
    <property name="path.separator" value=":"/>
    <property name="java.vm.name" value="Java HotSpot(TM) Server VM"/>
    <property name="file.encoding.pkg" value="sun.io"/>
    <property name="user.country" value="US"/>
    <property name="sun.java.launcher" value="SUN_STANDARD"/>
    <property name="sun.os.patch.level" value="unknown"/>
    <property name="java.vm.specification.name" value="Java Virtual Machine Specification"/>
    <property name="user.dir" value="/home/diego/workspace/MessengerConcurrent"/>
    <property name="java.runtime.version" value="1.6.0_25-b06"/>
    <property name="java.awt.graphicsenv" value="sun.awt.X11GraphicsEnvironment"/>
    <property name="basedir" value="/home/diego/workspace/MessengerConcurrent"/>
    <property name="java.endorsed.dirs" value="/home/diego/desenvolvimento/jdk1.6.0_25/jre/lib/endorsed"/>
    <property name="os.arch" value="i386"/>
    <property name="surefire.real.class.path" value="/home/diego/workspace/MessengerConcurrent/target/surefire/surefirebooter6562028815349532696.jar"/>
    <property name="java.io.tmpdir" value="/tmp"/>
    <property name="line.separator" value="
"/>
    <property name="java.vm.specification.vendor" value="Sun Microsystems Inc."/>
    <property name="os.name" value="Linux"/>
    <property name="sun.jnu.encoding" value="UTF-8"/>
    <property name="java.library.path" value="/home/diego/desenvolvimento/jdk1.6.0_25/jre/lib/i386/server:/home/diego/desenvolvimento/jdk1.6.0_25/jre/lib/i386:/home/diego/desenvolvimento/jdk1.6.0_25/jre/../lib/i386:/usr/java/packages/lib/i386:/lib:/usr/lib"/>
    <property name="surefire.test.class.path" value="/home/diego/workspace/MessengerConcurrent/target/test-classes:/home/diego/workspace/MessengerConcurrent/target/classes:/home/diego/.m2/repository/junit/junit/4.10/junit-4.10.jar:/home/diego/.m2/repository/org/hamcrest/hamcrest-core/1.1/hamcrest-core-1.1.jar:/home/diego/.m2/repository/org/aspectj/aspectjweaver/1.6.12/aspectjweaver-1.6.12.jar:/home/diego/.m2/repository/postgresql/postgresql/9.1-901.jdbc4/postgresql-9.1-901.jdbc4.jar:/home/diego/.m2/repository/org/hibernate/javax/persistence/hibernate-jpa-2.0-api/1.0.1.Final/hibernate-jpa-2.0-api-1.0.1.Final.jar:/home/diego/.m2/repository/javax/ws/rs/javax.ws.rs-api/2.0-m09/javax.ws.rs-api-2.0-m09.jar:/home/diego/.m2/repository/org/codehaus/jettison/jettison/1.3.1/jettison-1.3.1.jar:/home/diego/.m2/repository/stax/stax-api/1.0.1/stax-api-1.0.1.jar:/home/diego/.m2/repository/javax/xml/bind/jaxb-api/2.2.6/jaxb-api-2.2.6.jar:"/>
    <property name="java.specification.name" value="Java Platform API Specification"/>
    <property name="java.class.version" value="50.0"/>
    <property name="sun.management.compiler" value="HotSpot Tiered Compilers"/>
    <property name="os.version" value="3.0.0-22-generic"/>
    <property name="user.home" value="/home/diego"/>
    <property name="user.timezone" value=""/>
    <property name="java.awt.printerjob" value="sun.print.PSPrinterJob"/>
    <property name="file.encoding" value="UTF-8"/>
    <property name="java.specification.version" value="1.6"/>
    <property name="user.name" value="diego"/>
    <property name="java.class.path" value="/home/diego/workspace/MessengerConcurrent/target/test-classes:/home/diego/workspace/MessengerConcurrent/target/classes:/home/diego/.m2/repository/junit/junit/4.10/junit-4.10.jar:/home/diego/.m2/repository/org/hamcrest/hamcrest-core/1.1/hamcrest-core-1.1.jar:/home/diego/.m2/repository/org/aspectj/aspectjweaver/1.6.12/aspectjweaver-1.6.12.jar:/home/diego/.m2/repository/postgresql/postgresql/9.1-901.jdbc4/postgresql-9.1-901.jdbc4.jar:/home/diego/.m2/repository/org/hibernate/javax/persistence/hibernate-jpa-2.0-api/1.0.1.Final/hibernate-jpa-2.0-api-1.0.1.Final.jar:/home/diego/.m2/repository/javax/ws/rs/javax.ws.rs-api/2.0-m09/javax.ws.rs-api-2.0-m09.jar:/home/diego/.m2/repository/org/codehaus/jettison/jettison/1.3.1/jettison-1.3.1.jar:/home/diego/.m2/repository/stax/stax-api/1.0.1/stax-api-1.0.1.jar:/home/diego/.m2/repository/javax/xml/bind/jaxb-api/2.2.6/jaxb-api-2.2.6.jar:"/>
    <property name="java.vm.specification.version" value="1.0"/>
    <property name="sun.arch.data.model" value="32"/>
    <property name="java.home" value="/home/diego/desenvolvimento/jdk1.6.0_25/jre"/>
    <property name="sun.java.command" value="/home/diego/workspace/MessengerConcurrent/target/surefire/surefirebooter6562028815349532696.jar /home/diego/workspace/MessengerConcurrent/target/surefire/surefire807725823370066463tmp /home/diego/workspace/MessengerConcurrent/target/surefire/surefire6152298065674973973tmp"/>
    <property name="java.specification.vendor" value="Sun Microsystems Inc."/>
    <property name="user.language" value="en"/>
    <property name="java.vm.info" value="mixed mode"/>
    <property name="java.version" value="1.6.0_25"/>
    <property name="java.ext.dirs" value="/home/diego/desenvolvimento/jdk1.6.0_25/jre/lib/ext:/usr/java/packages/lib/ext"/>
    <property name="sun.boot.class.path" value="/home/diego/desenvolvimento/jdk1.6.0_25/jre/lib/resources.jar:/home/diego/desenvolvimento/jdk1.6.0_25/jre/lib/rt.jar:/home/diego/desenvolvimento/jdk1.6.0_25/jre/lib/sunrsasign.jar:/home/diego/desenvolvimento/jdk1.6.0_25/jre/lib/jsse.jar:/home/diego/desenvolvimento/jdk1.6.0_25/jre/lib/jce.jar:/home/diego/desenvolvimento/jdk1.6.0_25/jre/lib/charsets.jar:/home/diego/desenvolvimento/jdk1.6.0_25/jre/lib/modules/jdk.boot.jar:/home/diego/desenvolvimento/jdk1.6.0_25/jre/classes"/>
    <property name="java.vendor" value="Sun Microsystems Inc."/>
    <property name="localRepository" value="/home/diego/.m2/repository"/>
    <property name="file.separator" value="/"/>
    <property name="java.vendor.url.bug" value="http://java.sun.com/cgi-bin/bugreport.cgi"/>
    <property name="sun.cpu.endian" value="little"/>
    <property name="sun.io.unicode.encoding" value="UnicodeLittle"/>
    <property name="sun.desktop" value="gnome"/>
    <property name="sun.cpu.isalist" value=""/>
  </properties>
  <testcase time="0" classname="br.ufpb.threadControl.messengerConcurrent.test.FacadeTest" name="br.ufpb.threadControl.messengerConcurrent.test.FacadeTest">
    <error message="No Persistence provider for EntityManager named messengerConcurrentPU" type="javax.persistence.PersistenceException">javax.persistence.PersistenceException: No Persistence provider for EntityManager named messengerConcurrentPU
	at javax.persistence.Persistence.createEntityManagerFactory(Persistence.java:69)
	at javax.persistence.Persistence.createEntityManagerFactory(Persistence.java:47)
	at br.ufpb.threadControl.messengerConcurrent.util.HibernateUtil.&lt;init&gt;(HibernateUtil.java:26)
	at br.ufpb.threadControl.messengerConcurrent.util.HibernateUtil.getInstance(HibernateUtil.java:37)
	at br.ufpb.threadControl.messengerConcurrent.test.FacadeTest.setUpBeforeClass(FacadeTest.java:92)
	at sun.reflect.NativeMethodAccessorImpl.invoke0(Native Method)
	at sun.reflect.NativeMethodAccessorImpl.invoke(NativeMethodAccessorImpl.java:39)
	at sun.reflect.DelegatingMethodAccessorImpl.invoke(DelegatingMethodAccessorImpl.java:25)
	at java.lang.reflect.Method.invoke(Method.java:597)
	at org.junit.runners.model.FrameworkMethod$1.runReflectiveCall(FrameworkMethod.java:45)
	at org.junit.internal.runners.model.ReflectiveCallable.run(ReflectiveCallable.java:15)
	at org.junit.runners.model.FrameworkMethod.invokeExplosively(FrameworkMethod.java:42)
	at org.junit.internal.runners.statements.RunBefores.evaluate(RunBefores.java:27)
	at org.junit.internal.runners.statements.RunAfters.evaluate(RunAfters.java:30)
	at org.junit.runners.ParentRunner.run(ParentRunner.java:300)
	at org.apache.maven.surefire.junit4.JUnit4TestSet.execute(JUnit4TestSet.java:35)
	at org.apache.maven.surefire.junit4.JUnit4Provider.executeTestSet(JUnit4Provider.java:115)
	at org.apache.maven.surefire.junit4.JUnit4Provider.invoke(JUnit4Provider.java:97)
	at sun.reflect.NativeMethodAccessorImpl.invoke0(Native Method)
	at sun.reflect.NativeMethodAccessorImpl.invoke(NativeMethodAccessorImpl.java:39)
	at sun.reflect.DelegatingMethodAccessorImpl.invoke(DelegatingMethodAccessorImpl.java:25)
	at java.lang.reflect.Method.invoke(Method.java:597)
	at org.apache.maven.surefire.booter.ProviderFactory$ClassLoaderProxy.invoke(ProviderFactory.java:103)
	at $Proxy0.invoke(Unknown Source)
	at org.apache.maven.surefire.booter.SurefireStarter.invokeProvider(SurefireStarter.java:150)
	at org.apache.maven.surefire.booter.SurefireStarter.runSuitesInProcess(SurefireStarter.java:91)
	at org.apache.maven.surefire.booter.ForkedBooter.main(ForkedBooter.java:69)
</error>
    <system-out>@HL
@HL-------------------------------------------------------
@HL T E S T S
@HL-------------------------------------------------------
@SLRunning br.ufpb.threadControl.messengerConcurrent.test.FacadeTest
Finished the test facade class!
</system-out>
  </testcase>
</testsuite>